[2025-04-10T23:26:01.868Z] Exact OutlineViewer Compatible Server started on port 5810
[2025-04-10T23:26:01.871Z] Connect OutlineViewer to localhost:5810
[2025-04-10T23:26:02.498Z] Client requested protocols: ["v4.1.networktables.first.wpi.edu","networktables.first.wpi.edu"]
[2025-04-10T23:26:02.499Z] Using NT 4.1 protocol
[2025-04-10T23:26:02.500Z] Client connected from ::ffff:127.0.0.1
[2025-04-10T23:26:02.500Z] Protocol: v4.1.networktables.first.wpi.edu
[2025-04-10T23:26:02.501Z] Creating test topics...
[2025-04-10T23:26:02.501Z] Created topic: /server/boolean (boolean)
[2025-04-10T23:26:02.502Z] Created topic: /server/number (double)
[2025-04-10T23:26:02.502Z] Created topic: /server/string (string)
[2025-04-10T23:26:02.502Z] Created topic: /server/boolean_array (boolean[])
[2025-04-10T23:26:02.502Z] Created topic: /server/number_array (double[])
[2025-04-10T23:26:02.503Z] Created topic: /server/string_array (string[])
[2025-04-10T23:26:02.503Z] Created topic: /server/counter (double)
[2025-04-10T23:26:02.503Z] Created 7 test topics
[2025-04-10T23:26:02.504Z] Sending 7 topics to client...
[2025-04-10T23:26:02.505Z] Sent announce message for /server/boolean: [{"method":"announce","params":{"name":"/server/boolean","id":1,"type":"boolean","properties":{"persistent":true,"retained":true,"rawType":"boolean","typeString":"boolean",".type":"boolean","source":"nt4-server"},"pubuid":1}}]
[2025-04-10T23:26:02.505Z] Sent announce message for /server/number: [{"method":"announce","params":{"name":"/server/number","id":2,"type":"double","properties":{"persistent":true,"retained":true,"rawType":"double","typeString":"double",".type":"double","source":"nt4-server"},"pubuid":2}}]
[2025-04-10T23:26:02.505Z] Sent announce message for /server/string: [{"method":"announce","params":{"name":"/server/string","id":3,"type":"string","properties":{"persistent":true,"retained":true,"rawType":"string","typeString":"string",".type":"string","source":"nt4-server"},"pubuid":3}}]
[2025-04-10T23:26:02.506Z] Sent announce message for /server/boolean_array: [{"method":"announce","params":{"name":"/server/boolean_array","id":4,"type":"boolean[]","properties":{"persistent":true,"retained":true,"rawType":"boolean[]","typeString":"boolean[]",".type":"boolean[]","source":"nt4-server"},"pubuid":4}}]
[2025-04-10T23:26:02.506Z] Sent announce message for /server/number_array: [{"method":"announce","params":{"name":"/server/number_array","id":5,"type":"double[]","properties":{"persistent":true,"retained":true,"rawType":"double[]","typeString":"double[]",".type":"double[]","source":"nt4-server"},"pubuid":5}}]
[2025-04-10T23:26:02.506Z] Sent announce message for /server/string_array: [{"method":"announce","params":{"name":"/server/string_array","id":6,"type":"string[]","properties":{"persistent":true,"retained":true,"rawType":"string[]","typeString":"string[]",".type":"string[]","source":"nt4-server"},"pubuid":6}}]
[2025-04-10T23:26:02.507Z] Sent announce message for /server/counter: [{"method":"announce","params":{"name":"/server/counter","id":7,"type":"double","properties":{"persistent":true,"retained":true,"rawType":"double","typeString":"double",".type":"double","source":"nt4-server"},"pubuid":7}}]
[2025-04-10T23:26:02.507Z] All topics sent to client
[2025-04-10T23:26:02.510Z] Binary message received, length: 13
[2025-04-10T23:26:02.511Z] First 32 bytes: 94 ff 00 02 cf 00 06 32 74 e8 bc 18 67
[2025-04-10T23:26:02.513Z] Decoded MessagePack: [-1,0,2,1744327562500199]
[2025-04-10T23:26:02.514Z] Sending 7 topics to client...
[2025-04-10T23:26:02.515Z] Sent announce message for /server/boolean: [{"method":"announce","params":{"name":"/server/boolean","id":1,"type":"boolean","properties":{"persistent":true,"retained":true,"rawType":"boolean","typeString":"boolean",".type":"boolean","source":"nt4-server"},"pubuid":1}}]
[2025-04-10T23:26:02.516Z] Sent announce message for /server/number: [{"method":"announce","params":{"name":"/server/number","id":2,"type":"double","properties":{"persistent":true,"retained":true,"rawType":"double","typeString":"double",".type":"double","source":"nt4-server"},"pubuid":2}}]
[2025-04-10T23:26:02.517Z] Sent announce message for /server/string: [{"method":"announce","params":{"name":"/server/string","id":3,"type":"string","properties":{"persistent":true,"retained":true,"rawType":"string","typeString":"string",".type":"string","source":"nt4-server"},"pubuid":3}}]
[2025-04-10T23:26:02.518Z] Sent announce message for /server/boolean_array: [{"method":"announce","params":{"name":"/server/boolean_array","id":4,"type":"boolean[]","properties":{"persistent":true,"retained":true,"rawType":"boolean[]","typeString":"boolean[]",".type":"boolean[]","source":"nt4-server"},"pubuid":4}}]
[2025-04-10T23:26:02.518Z] Sent announce message for /server/number_array: [{"method":"announce","params":{"name":"/server/number_array","id":5,"type":"double[]","properties":{"persistent":true,"retained":true,"rawType":"double[]","typeString":"double[]",".type":"double[]","source":"nt4-server"},"pubuid":5}}]
[2025-04-10T23:26:02.519Z] Sent announce message for /server/string_array: [{"method":"announce","params":{"name":"/server/string_array","id":6,"type":"string[]","properties":{"persistent":true,"retained":true,"rawType":"string[]","typeString":"string[]",".type":"string[]","source":"nt4-server"},"pubuid":6}}]
[2025-04-10T23:26:02.520Z] Sent announce message for /server/counter: [{"method":"announce","params":{"name":"/server/counter","id":7,"type":"double","properties":{"persistent":true,"retained":true,"rawType":"double","typeString":"double",".type":"double","source":"nt4-server"},"pubuid":7}}]
[2025-04-10T23:26:02.520Z] All topics sent to client
[2025-04-10T23:26:02.614Z] Sent binary value message for /server/boolean: [1,1744327562501000,0,true]
[2025-04-10T23:26:02.615Z] Sent binary value message for /server/number: [2,1744327562502000,1,3.14159]
[2025-04-10T23:26:02.616Z] Sent binary value message for /server/string: [3,1744327562502000,4,"Hello from NT4 server!"]
[2025-04-10T23:26:02.616Z] Sent binary value message for /server/boolean_array: [4,1744327562502000,16,[true,false,true]]
[2025-04-10T23:26:02.616Z] Sent binary value message for /server/number_array: [5,1744327562502000,17,[1.1,2.2,3.3,4.4]]
[2025-04-10T23:26:02.617Z] Sent binary value message for /server/string_array: [6,1744327562503000,20,["one","two","three"]]
[2025-04-10T23:26:02.618Z] Sent binary value message for /server/boolean: [1,1744327562501000,0,true]
[2025-04-10T23:26:02.618Z] Sent binary value message for /server/number: [2,1744327562502000,1,3.14159]
[2025-04-10T23:26:02.620Z] Sent binary value message for /server/string: [3,1744327562502000,4,"Hello from NT4 server!"]
[2025-04-10T23:26:02.621Z] Sent binary value message for /server/boolean_array: [4,1744327562502000,16,[true,false,true]]
[2025-04-10T23:26:02.622Z] Sent binary value message for /server/number_array: [5,1744327562502000,17,[1.1,2.2,3.3,4.4]]
[2025-04-10T23:26:02.623Z] Sent binary value message for /server/string_array: [6,1744327562503000,20,["one","two","three"]]
[2025-04-10T23:26:12.617Z] Counter updated: 9
[2025-04-10T23:26:22.712Z] Counter updated: 19
[2025-04-10T23:26:32.819Z] Counter updated: 29
[2025-04-10T23:26:42.903Z] Counter updated: 39
[2025-04-10T23:26:52.996Z] Counter updated: 49
[2025-04-10T23:27:03.079Z] Counter updated: 59
[2025-04-10T23:27:06.371Z] Client disconnected
[2025-04-10T23:27:11.452Z] Client requested protocols: ["v4.1.networktables.first.wpi.edu","networktables.first.wpi.edu"]
[2025-04-10T23:27:11.452Z] Using NT 4.1 protocol
[2025-04-10T23:27:11.453Z] Client connected from ::ffff:127.0.0.1
[2025-04-10T23:27:11.453Z] Protocol: v4.1.networktables.first.wpi.edu
[2025-04-10T23:27:11.453Z] Sending 7 topics to client...
[2025-04-10T23:27:11.453Z] Sent announce message for /server/boolean: [{"method":"announce","params":{"name":"/server/boolean","id":1,"type":"boolean","properties":{"persistent":true,"retained":true,"rawType":"boolean","typeString":"boolean",".type":"boolean","source":"nt4-server"},"pubuid":1}}]
[2025-04-10T23:27:11.453Z] Sent announce message for /server/number: [{"method":"announce","params":{"name":"/server/number","id":2,"type":"double","properties":{"persistent":true,"retained":true,"rawType":"double","typeString":"double",".type":"double","source":"nt4-server"},"pubuid":2}}]
[2025-04-10T23:27:11.454Z] Sent announce message for /server/string: [{"method":"announce","params":{"name":"/server/string","id":3,"type":"string","properties":{"persistent":true,"retained":true,"rawType":"string","typeString":"string",".type":"string","source":"nt4-server"},"pubuid":3}}]
[2025-04-10T23:27:11.454Z] Sent announce message for /server/boolean_array: [{"method":"announce","params":{"name":"/server/boolean_array","id":4,"type":"boolean[]","properties":{"persistent":true,"retained":true,"rawType":"boolean[]","typeString":"boolean[]",".type":"boolean[]","source":"nt4-server"},"pubuid":4}}]
[2025-04-10T23:27:11.455Z] Sent announce message for /server/number_array: [{"method":"announce","params":{"name":"/server/number_array","id":5,"type":"double[]","properties":{"persistent":true,"retained":true,"rawType":"double[]","typeString":"double[]",".type":"double[]","source":"nt4-server"},"pubuid":5}}]
[2025-04-10T23:27:11.455Z] Sent announce message for /server/string_array: [{"method":"announce","params":{"name":"/server/string_array","id":6,"type":"string[]","properties":{"persistent":true,"retained":true,"rawType":"string[]","typeString":"string[]",".type":"string[]","source":"nt4-server"},"pubuid":6}}]
[2025-04-10T23:27:11.455Z] Sent announce message for /server/counter: [{"method":"announce","params":{"name":"/server/counter","id":7,"type":"double","properties":{"persistent":true,"retained":true,"rawType":"double","typeString":"double",".type":"double","source":"nt4-server"},"pubuid":7}}]
[2025-04-10T23:27:11.456Z] All topics sent to client
[2025-04-10T23:27:11.456Z] Binary message received, length: 13
[2025-04-10T23:27:11.456Z] First 32 bytes: 94 ff 00 02 cf 00 06 32 74 ec d8 3c 2c
[2025-04-10T23:27:11.457Z] Decoded MessagePack: [-1,0,2,1744327631453228]
[2025-04-10T23:27:11.457Z] Sending 7 topics to client...
[2025-04-10T23:27:11.457Z] Sent announce message for /server/boolean: [{"method":"announce","params":{"name":"/server/boolean","id":1,"type":"boolean","properties":{"persistent":true,"retained":true,"rawType":"boolean","typeString":"boolean",".type":"boolean","source":"nt4-server"},"pubuid":1}}]
[2025-04-10T23:27:11.458Z] Sent announce message for /server/number: [{"method":"announce","params":{"name":"/server/number","id":2,"type":"double","properties":{"persistent":true,"retained":true,"rawType":"double","typeString":"double",".type":"double","source":"nt4-server"},"pubuid":2}}]
[2025-04-10T23:27:11.458Z] Sent announce message for /server/string: [{"method":"announce","params":{"name":"/server/string","id":3,"type":"string","properties":{"persistent":true,"retained":true,"rawType":"string","typeString":"string",".type":"string","source":"nt4-server"},"pubuid":3}}]
[2025-04-10T23:27:11.458Z] Sent announce message for /server/boolean_array: [{"method":"announce","params":{"name":"/server/boolean_array","id":4,"type":"boolean[]","properties":{"persistent":true,"retained":true,"rawType":"boolean[]","typeString":"boolean[]",".type":"boolean[]","source":"nt4-server"},"pubuid":4}}]
[2025-04-10T23:27:11.458Z] Sent announce message for /server/number_array: [{"method":"announce","params":{"name":"/server/number_array","id":5,"type":"double[]","properties":{"persistent":true,"retained":true,"rawType":"double[]","typeString":"double[]",".type":"double[]","source":"nt4-server"},"pubuid":5}}]
[2025-04-10T23:27:11.459Z] Sent announce message for /server/string_array: [{"method":"announce","params":{"name":"/server/string_array","id":6,"type":"string[]","properties":{"persistent":true,"retained":true,"rawType":"string[]","typeString":"string[]",".type":"string[]","source":"nt4-server"},"pubuid":6}}]
[2025-04-10T23:27:11.459Z] Sent announce message for /server/counter: [{"method":"announce","params":{"name":"/server/counter","id":7,"type":"double","properties":{"persistent":true,"retained":true,"rawType":"double","typeString":"double",".type":"double","source":"nt4-server"},"pubuid":7}}]
[2025-04-10T23:27:11.459Z] All topics sent to client
[2025-04-10T23:27:11.557Z] Sent binary value message for /server/boolean: [1,1744327562501000,0,true]
[2025-04-10T23:27:11.558Z] Sent binary value message for /server/number: [2,1744327562502000,1,3.14159]
[2025-04-10T23:27:11.558Z] Sent binary value message for /server/string: [3,1744327562502000,4,"Hello from NT4 server!"]
[2025-04-10T23:27:11.558Z] Sent binary value message for /server/boolean_array: [4,1744327562502000,16,[true,false,true]]
[2025-04-10T23:27:11.558Z] Sent binary value message for /server/number_array: [5,1744327562502000,17,[1.1,2.2,3.3,4.4]]
[2025-04-10T23:27:11.559Z] Sent binary value message for /server/string_array: [6,1744327562503000,20,["one","two","three"]]
[2025-04-10T23:27:11.559Z] Sent binary value message for /server/boolean: [1,1744327562501000,0,true]
[2025-04-10T23:27:11.560Z] Sent binary value message for /server/number: [2,1744327562502000,1,3.14159]
[2025-04-10T23:27:11.560Z] Sent binary value message for /server/string: [3,1744327562502000,4,"Hello from NT4 server!"]
[2025-04-10T23:27:11.560Z] Sent binary value message for /server/boolean_array: [4,1744327562502000,16,[true,false,true]]
[2025-04-10T23:27:11.560Z] Sent binary value message for /server/number_array: [5,1744327562502000,17,[1.1,2.2,3.3,4.4]]
[2025-04-10T23:27:11.560Z] Sent binary value message for /server/string_array: [6,1744327562503000,20,["one","two","three"]]
[2025-04-10T23:27:13.164Z] Counter updated: 69
[2025-04-10T23:27:23.264Z] Counter updated: 79
[2025-04-10T23:27:33.372Z] Counter updated: 89
