[2025-04-10T23:12:43.124Z] NetworkTables Client for OutlineViewer
[2025-04-10T23:12:43.137Z] Make sure OutlineViewer is running in server mode
[2025-04-10T23:12:43.137Z] Connecting to ws://localhost:5810...
[2025-04-10T23:12:43.155Z] WebSocket error: AggregateError
[2025-04-10T23:12:43.156Z] Disconnected from server
[2025-04-10T23:12:48.165Z] Connecting to ws://localhost:5810...
[2025-04-10T23:12:48.169Z] WebSocket error: AggregateError
[2025-04-10T23:12:48.169Z] Disconnected from server
[2025-04-10T23:12:53.180Z] Connecting to ws://localhost:5810...
[2025-04-10T23:12:53.182Z] WebSocket error: AggregateError
[2025-04-10T23:12:53.182Z] Disconnected from server
[2025-04-10T23:12:58.191Z] Connecting to ws://localhost:5810...
[2025-04-10T23:12:58.192Z] WebSocket error: AggregateError
[2025-04-10T23:12:58.193Z] Disconnected from server
[2025-04-10T23:13:03.206Z] Connecting to ws://localhost:5810...
[2025-04-10T23:13:03.210Z] WebSocket error: AggregateError
[2025-04-10T23:13:03.210Z] Disconnected from server
[2025-04-10T23:13:08.220Z] Connecting to ws://localhost:5810...
[2025-04-10T23:13:08.222Z] WebSocket error: AggregateError
[2025-04-10T23:13:08.222Z] Disconnected from server
[2025-04-10T23:13:13.232Z] Connecting to ws://localhost:5810...
[2025-04-10T23:13:13.235Z] WebSocket error: AggregateError
[2025-04-10T23:13:13.235Z] Disconnected from server
[2025-04-10T23:13:18.245Z] Connecting to ws://localhost:5810...
[2025-04-10T23:13:18.248Z] WebSocket error: AggregateError
[2025-04-10T23:13:18.248Z] Disconnected from server
[2025-04-10T23:13:23.260Z] Connecting to ws://localhost:5810...
[2025-04-10T23:13:23.264Z] WebSocket error: AggregateError
[2025-04-10T23:13:23.265Z] Disconnected from server
[2025-04-10T23:13:28.265Z] Connecting to ws://localhost:5810...
[2025-04-10T23:13:28.267Z] WebSocket error: AggregateError
[2025-04-10T23:13:28.267Z] Disconnected from server
[2025-04-10T23:13:33.276Z] Connecting to ws://localhost:5810...
[2025-04-10T23:13:33.280Z] WebSocket error: AggregateError
[2025-04-10T23:13:33.281Z] Disconnected from server
[2025-04-10T23:13:38.282Z] Connecting to ws://localhost:5810...
[2025-04-10T23:13:38.285Z] WebSocket error: AggregateError
[2025-04-10T23:13:38.286Z] Disconnected from server
[2025-04-10T23:13:43.295Z] Connecting to ws://localhost:5810...
[2025-04-10T23:13:43.298Z] WebSocket error: AggregateError
[2025-04-10T23:13:43.299Z] Disconnected from server
[2025-04-10T23:13:48.312Z] Connecting to ws://localhost:5810...
[2025-04-10T23:13:48.314Z] WebSocket error: AggregateError
[2025-04-10T23:13:48.314Z] Disconnected from server
[2025-04-10T23:13:53.317Z] Connecting to ws://localhost:5810...
[2025-04-10T23:13:53.320Z] WebSocket error: AggregateError
[2025-04-10T23:13:53.320Z] Disconnected from server
[2025-04-10T23:13:58.323Z] Connecting to ws://localhost:5810...
[2025-04-10T23:13:58.326Z] WebSocket error: AggregateError
[2025-04-10T23:13:58.326Z] Disconnected from server
[2025-04-10T23:14:03.340Z] Connecting to ws://localhost:5810...
[2025-04-10T23:14:03.342Z] WebSocket error: AggregateError
[2025-04-10T23:14:03.342Z] Disconnected from server
[2025-04-11T02:08:20.237Z] [DEBUG] Connecting to ws://localhost:5810...
[2025-04-11T02:08:20.263Z] [DEBUG] Connected to ws://localhost:5810
[2025-04-11T02:08:20.263Z] [DEBUG] Protocol: v4.1.networktables.first.wpi.edu
[2025-04-11T02:08:20.264Z] Connected to server
[2025-04-11T02:08:20.264Z] Publishing test topics...
[2025-04-11T02:08:20.264Z] [DEBUG] Sending publish message: [{"method":"publish","params":{"name":"/client/boolean","type":"boolean","pubuid":1,"properties":{"persistent":true,"retained":true}}}]
[2025-04-11T02:08:20.265Z] [DEBUG] Sending publish message: [{"method":"publish","params":{"name":"/client/number","type":"double","pubuid":2,"properties":{"persistent":true,"retained":true}}}]
[2025-04-11T02:08:20.266Z] [DEBUG] Sending publish message: [{"method":"publish","params":{"name":"/client/string","type":"string","pubuid":3,"properties":{"persistent":true,"retained":true}}}]
[2025-04-11T02:08:20.266Z] [DEBUG] Sending publish message: [{"method":"publish","params":{"name":"/client/boolean_array","type":"boolean[]","pubuid":4,"properties":{"persistent":true,"retained":true}}}]
[2025-04-11T02:08:20.266Z] [DEBUG] Sending publish message: [{"method":"publish","params":{"name":"/client/number_array","type":"double[]","pubuid":5,"properties":{"persistent":true,"retained":true}}}]
[2025-04-11T02:08:20.267Z] [DEBUG] Sending publish message: [{"method":"publish","params":{"name":"/client/string_array","type":"string[]","pubuid":6,"properties":{"persistent":true,"retained":true}}}]
[2025-04-11T02:08:20.267Z] [DEBUG] Sending publish message: [{"method":"publish","params":{"name":"/client/counter","type":"double","pubuid":7,"properties":{"persistent":true,"retained":true}}}]
[2025-04-11T02:08:20.268Z] [DEBUG] Sending subscribe message: [{"method":"subscribe","params":{"subuid":1,"topics":[""],"options":{"prefixMatch":true}}}]
[2025-04-11T02:08:20.269Z] [DEBUG] Binary message received, length: 143
[2025-04-11T02:08:20.269Z] [DEBUG] First 32 bytes: 5b 7b 22 6d 65 74 68 6f 64 22 3a 22 61 6e 6e 6f 75 6e 63 65 22 2c 22 70 61 72 61 6d 73 22 3a 7b
[2025-04-11T02:08:20.270Z] [DEBUG] Failed to decode MessagePack: RangeError: Extra 142 of 143 byte(s) found at buffer[1]
[2025-04-11T02:08:20.270Z] [DEBUG] As UTF-8: [{"method":"announce","params":{"name":"/server/boolean","id":1,"type":"boolean","properties":{"persistent":true,"retained":true},"pubuid":1}}]
[2025-04-11T02:08:20.270Z] [DEBUG] Parsed JSON: [{"method":"announce","params":{"name":"/server/boolean","id":1,"type":"boolean","properties":{"persistent":true,"retained":true},"pubuid":1}}]
[2025-04-11T02:08:20.271Z] [DEBUG] Control message: announce
[2025-04-11T02:08:20.271Z] [DEBUG] Topic announced: /server/boolean (boolean) with ID 1
[2025-04-11T02:08:20.271Z] [DEBUG] Properties: {"persistent":true,"retained":true}
[2025-04-11T02:08:20.272Z] Topic announced: /server/boolean (boolean) with ID 1
[2025-04-11T02:08:20.272Z] [DEBUG] Binary message received, length: 13
[2025-04-11T02:08:20.272Z] [DEBUG] First 32 bytes: 94 01 cf 00 06 32 77 22 e0 f8 90 00 c3
[2025-04-11T02:08:20.273Z] [DEBUG] Decoded MessagePack: [1,1744337127930000,0,true]
[2025-04-11T02:08:20.273Z] [DEBUG] Value update: id=1, type=0, value=true
[2025-04-11T02:08:20.273Z] Value changed for topic /server/boolean: true
[2025-04-11T02:08:20.274Z] [DEBUG] Binary message received, length: 141
[2025-04-11T02:08:20.274Z] [DEBUG] First 32 bytes: 5b 7b 22 6d 65 74 68 6f 64 22 3a 22 61 6e 6e 6f 75 6e 63 65 22 2c 22 70 61 72 61 6d 73 22 3a 7b
[2025-04-11T02:08:20.274Z] [DEBUG] Failed to decode MessagePack: RangeError: Extra 140 of 141 byte(s) found at buffer[1]
[2025-04-11T02:08:20.275Z] [DEBUG] As UTF-8: [{"method":"announce","params":{"name":"/server/number","id":2,"type":"double","properties":{"persistent":true,"retained":true},"pubuid":2}}]
[2025-04-11T02:08:20.275Z] [DEBUG] Parsed JSON: [{"method":"announce","params":{"name":"/server/number","id":2,"type":"double","properties":{"persistent":true,"retained":true},"pubuid":2}}]
[2025-04-11T02:08:20.275Z] [DEBUG] Control message: announce
[2025-04-11T02:08:20.275Z] [DEBUG] Topic announced: /server/number (double) with ID 2
[2025-04-11T02:08:20.275Z] [DEBUG] Properties: {"persistent":true,"retained":true}
[2025-04-11T02:08:20.275Z] Topic announced: /server/number (double) with ID 2
[2025-04-11T02:08:20.275Z] [DEBUG] Binary message received, length: 21
[2025-04-11T02:08:20.275Z] [DEBUG] First 32 bytes: 94 02 cf 00 06 32 77 22 e0 fc 78 01 cb 40 09 21 f9 f0 1b 86 6e
[2025-04-11T02:08:20.276Z] [DEBUG] Decoded MessagePack: [2,1744337127931000,1,3.14159]
[2025-04-11T02:08:20.276Z] [DEBUG] Value update: id=2, type=1, value=3.14159
[2025-04-11T02:08:20.276Z] Value changed for topic /server/number: 3.14159
[2025-04-11T02:08:20.276Z] [DEBUG] Binary message received, length: 141
[2025-04-11T02:08:20.277Z] [DEBUG] First 32 bytes: 5b 7b 22 6d 65 74 68 6f 64 22 3a 22 61 6e 6e 6f 75 6e 63 65 22 2c 22 70 61 72 61 6d 73 22 3a 7b
[2025-04-11T02:08:20.277Z] [DEBUG] Failed to decode MessagePack: RangeError: Extra 140 of 141 byte(s) found at buffer[1]
[2025-04-11T02:08:20.277Z] [DEBUG] As UTF-8: [{"method":"announce","params":{"name":"/server/string","id":3,"type":"string","properties":{"persistent":true,"retained":true},"pubuid":3}}]
[2025-04-11T02:08:20.277Z] [DEBUG] Parsed JSON: [{"method":"announce","params":{"name":"/server/string","id":3,"type":"string","properties":{"persistent":true,"retained":true},"pubuid":3}}]
[2025-04-11T02:08:20.278Z] [DEBUG] Control message: announce
[2025-04-11T02:08:20.278Z] [DEBUG] Topic announced: /server/string (string) with ID 3
[2025-04-11T02:08:20.278Z] [DEBUG] Properties: {"persistent":true,"retained":true}
[2025-04-11T02:08:20.278Z] Topic announced: /server/string (string) with ID 3
[2025-04-11T02:08:20.278Z] [DEBUG] Binary message received, length: 35
[2025-04-11T02:08:20.278Z] [DEBUG] First 32 bytes: 94 03 cf 00 06 32 77 22 e0 fc 78 04 b6 48 65 6c 6c 6f 20 66 72 6f 6d 20 4e 54 34 20 73 65 72 76
[2025-04-11T02:08:20.279Z] [DEBUG] Decoded MessagePack: [3,1744337127931000,4,"Hello from NT4 server!"]
[2025-04-11T02:08:20.279Z] [DEBUG] Value update: id=3, type=4, value="Hello from NT4 server!"
[2025-04-11T02:08:20.279Z] Value changed for topic /server/string: "Hello from NT4 server!"
[2025-04-11T02:08:20.280Z] [DEBUG] Binary message received, length: 151
[2025-04-11T02:08:20.280Z] [DEBUG] First 32 bytes: 5b 7b 22 6d 65 74 68 6f 64 22 3a 22 61 6e 6e 6f 75 6e 63 65 22 2c 22 70 61 72 61 6d 73 22 3a 7b
[2025-04-11T02:08:20.280Z] [DEBUG] Failed to decode MessagePack: RangeError: Extra 150 of 151 byte(s) found at buffer[1]
[2025-04-11T02:08:20.280Z] [DEBUG] As UTF-8: [{"method":"announce","params":{"name":"/server/boolean_array","id":4,"type":"boolean[]","properties":{"persistent":true,"retained":true},"pubuid":4}}]
[2025-04-11T02:08:20.280Z] [DEBUG] Parsed JSON: [{"method":"announce","params":{"name":"/server/boolean_array","id":4,"type":"boolean[]","properties":{"persistent":true,"retained":true},"pubuid":4}}]
[2025-04-11T02:08:20.280Z] [DEBUG] Control message: announce
[2025-04-11T02:08:20.280Z] [DEBUG] Topic announced: /server/boolean_array (boolean[]) with ID 4
[2025-04-11T02:08:20.281Z] [DEBUG] Properties: {"persistent":true,"retained":true}
[2025-04-11T02:08:20.281Z] Topic announced: /server/boolean_array (boolean[]) with ID 4
[2025-04-11T02:08:20.281Z] [DEBUG] Binary message received, length: 16
[2025-04-11T02:08:20.281Z] [DEBUG] First 32 bytes: 94 04 cf 00 06 32 77 22 e0 fc 78 10 93 c3 c2 c3
[2025-04-11T02:08:20.281Z] [DEBUG] Decoded MessagePack: [4,1744337127931000,16,[true,false,true]]
[2025-04-11T02:08:20.282Z] [DEBUG] Value update: id=4, type=16, value=[true,false,true]
[2025-04-11T02:08:20.282Z] Value changed for topic /server/boolean_array: [true,false,true]
[2025-04-11T02:08:20.282Z] [DEBUG] Binary message received, length: 149
[2025-04-11T02:08:20.282Z] [DEBUG] First 32 bytes: 5b 7b 22 6d 65 74 68 6f 64 22 3a 22 61 6e 6e 6f 75 6e 63 65 22 2c 22 70 61 72 61 6d 73 22 3a 7b
[2025-04-11T02:08:20.282Z] [DEBUG] Failed to decode MessagePack: RangeError: Extra 148 of 149 byte(s) found at buffer[1]
[2025-04-11T02:08:20.283Z] [DEBUG] As UTF-8: [{"method":"announce","params":{"name":"/server/number_array","id":5,"type":"double[]","properties":{"persistent":true,"retained":true},"pubuid":5}}]
[2025-04-11T02:08:20.283Z] [DEBUG] Parsed JSON: [{"method":"announce","params":{"name":"/server/number_array","id":5,"type":"double[]","properties":{"persistent":true,"retained":true},"pubuid":5}}]
[2025-04-11T02:08:20.283Z] [DEBUG] Control message: announce
[2025-04-11T02:08:20.283Z] [DEBUG] Topic announced: /server/number_array (double[]) with ID 5
[2025-04-11T02:08:20.283Z] [DEBUG] Properties: {"persistent":true,"retained":true}
[2025-04-11T02:08:20.284Z] Topic announced: /server/number_array (double[]) with ID 5
[2025-04-11T02:08:20.284Z] [DEBUG] Binary message received, length: 49
[2025-04-11T02:08:20.284Z] [DEBUG] First 32 bytes: 94 05 cf 00 06 32 77 22 e0 fc 78 11 94 cb 3f f1 99 99 99 99 99 9a cb 40 01 99 99 99 99 99 9a cb
[2025-04-11T02:08:20.285Z] [DEBUG] Decoded MessagePack: [5,1744337127931000,17,[1.1,2.2,3.3,4.4]]
[2025-04-11T02:08:20.285Z] [DEBUG] Value update: id=5, type=17, value=[1.1,2.2,3.3,4.4]
[2025-04-11T02:08:20.285Z] Value changed for topic /server/number_array: [1.1,2.2,3.3,4.4]
[2025-04-11T02:08:20.286Z] [DEBUG] Binary message received, length: 149
[2025-04-11T02:08:20.286Z] [DEBUG] First 32 bytes: 5b 7b 22 6d 65 74 68 6f 64 22 3a 22 61 6e 6e 6f 75 6e 63 65 22 2c 22 70 61 72 61 6d 73 22 3a 7b
[2025-04-11T02:08:20.287Z] [DEBUG] Failed to decode MessagePack: RangeError: Extra 148 of 149 byte(s) found at buffer[1]
[2025-04-11T02:08:20.287Z] [DEBUG] As UTF-8: [{"method":"announce","params":{"name":"/server/string_array","id":6,"type":"string[]","properties":{"persistent":true,"retained":true},"pubuid":6}}]
[2025-04-11T02:08:20.287Z] [DEBUG] Parsed JSON: [{"method":"announce","params":{"name":"/server/string_array","id":6,"type":"string[]","properties":{"persistent":true,"retained":true},"pubuid":6}}]
[2025-04-11T02:08:20.287Z] [DEBUG] Control message: announce
[2025-04-11T02:08:20.287Z] [DEBUG] Topic announced: /server/string_array (string[]) with ID 6
[2025-04-11T02:08:20.287Z] [DEBUG] Properties: {"persistent":true,"retained":true}
[2025-04-11T02:08:20.287Z] Topic announced: /server/string_array (string[]) with ID 6
[2025-04-11T02:08:20.288Z] [DEBUG] Binary message received, length: 27
[2025-04-11T02:08:20.288Z] [DEBUG] First 32 bytes: 94 06 cf 00 06 32 77 22 e0 fc 78 14 93 a3 6f 6e 65 a3 74 77 6f a5 74 68 72 65 65
[2025-04-11T02:08:20.288Z] [DEBUG] Decoded MessagePack: [6,1744337127931000,20,["one","two","three"]]
[2025-04-11T02:08:20.288Z] [DEBUG] Value update: id=6, type=20, value=["one","two","three"]
[2025-04-11T02:08:20.288Z] Value changed for topic /server/string_array: ["one","two","three"]
[2025-04-11T02:08:20.289Z] [DEBUG] Binary message received, length: 142
[2025-04-11T02:08:20.289Z] [DEBUG] First 32 bytes: 5b 7b 22 6d 65 74 68 6f 64 22 3a 22 61 6e 6e 6f 75 6e 63 65 22 2c 22 70 61 72 61 6d 73 22 3a 7b
[2025-04-11T02:08:20.289Z] [DEBUG] Failed to decode MessagePack: RangeError: Extra 141 of 142 byte(s) found at buffer[1]
[2025-04-11T02:08:20.289Z] [DEBUG] As UTF-8: [{"method":"announce","params":{"name":"/server/counter","id":7,"type":"double","properties":{"persistent":true,"retained":true},"pubuid":7}}]
[2025-04-11T02:08:20.289Z] [DEBUG] Parsed JSON: [{"method":"announce","params":{"name":"/server/counter","id":7,"type":"double","properties":{"persistent":true,"retained":true},"pubuid":7}}]
[2025-04-11T02:08:20.289Z] [DEBUG] Control message: announce
[2025-04-11T02:08:20.290Z] [DEBUG] Topic announced: /server/counter (double) with ID 7
[2025-04-11T02:08:20.290Z] [DEBUG] Properties: {"persistent":true,"retained":true}
[2025-04-11T02:08:20.290Z] Topic announced: /server/counter (double) with ID 7
[2025-04-11T02:08:20.290Z] [DEBUG] Binary message received, length: 14
[2025-04-11T02:08:20.290Z] [DEBUG] First 32 bytes: 94 07 cf 00 06 32 77 2d 1b 78 80 01 cc a9
[2025-04-11T02:08:20.290Z] [DEBUG] Decoded MessagePack: [7,1744337299536000,1,169]
[2025-04-11T02:08:20.290Z] [DEBUG] Value update: id=7, type=1, value=169
[2025-04-11T02:08:20.290Z] [DEBUG] Binary message received, length: 143
[2025-04-11T02:08:20.291Z] [DEBUG] First 32 bytes: 5b 7b 22 6d 65 74 68 6f 64 22 3a 22 61 6e 6e 6f 75 6e 63 65 22 2c 22 70 61 72 61 6d 73 22 3a 7b
[2025-04-11T02:08:20.291Z] [DEBUG] Failed to decode MessagePack: RangeError: Extra 142 of 143 byte(s) found at buffer[1]
[2025-04-11T02:08:20.291Z] [DEBUG] As UTF-8: [{"method":"announce","params":{"name":"/client/boolean","id":8,"type":"boolean","properties":{"persistent":true,"retained":true},"pubuid":1}}]
[2025-04-11T02:08:20.291Z] [DEBUG] Parsed JSON: [{"method":"announce","params":{"name":"/client/boolean","id":8,"type":"boolean","properties":{"persistent":true,"retained":true},"pubuid":1}}]
[2025-04-11T02:08:20.291Z] [DEBUG] Control message: announce
[2025-04-11T02:08:20.291Z] [DEBUG] Topic announced: /client/boolean (boolean) with ID 8
[2025-04-11T02:08:20.291Z] [DEBUG] Properties: {"persistent":true,"retained":true}
[2025-04-11T02:08:20.292Z] Topic announced: /client/boolean (boolean) with ID 8
[2025-04-11T02:08:20.292Z] [DEBUG] Binary message received, length: 141
[2025-04-11T02:08:20.292Z] [DEBUG] First 32 bytes: 5b 7b 22 6d 65 74 68 6f 64 22 3a 22 61 6e 6e 6f 75 6e 63 65 22 2c 22 70 61 72 61 6d 73 22 3a 7b
[2025-04-11T02:08:20.292Z] [DEBUG] Failed to decode MessagePack: RangeError: Extra 140 of 141 byte(s) found at buffer[1]
[2025-04-11T02:08:20.293Z] [DEBUG] As UTF-8: [{"method":"announce","params":{"name":"/client/number","id":9,"type":"double","properties":{"persistent":true,"retained":true},"pubuid":2}}]
[2025-04-11T02:08:20.293Z] [DEBUG] Parsed JSON: [{"method":"announce","params":{"name":"/client/number","id":9,"type":"double","properties":{"persistent":true,"retained":true},"pubuid":2}}]
[2025-04-11T02:08:20.293Z] [DEBUG] Control message: announce
[2025-04-11T02:08:20.293Z] [DEBUG] Topic announced: /client/number (double) with ID 9
[2025-04-11T02:08:20.294Z] [DEBUG] Properties: {"persistent":true,"retained":true}
[2025-04-11T02:08:20.294Z] Topic announced: /client/number (double) with ID 9
[2025-04-11T02:08:20.294Z] [DEBUG] Binary message received, length: 142
[2025-04-11T02:08:20.295Z] [DEBUG] First 32 bytes: 5b 7b 22 6d 65 74 68 6f 64 22 3a 22 61 6e 6e 6f 75 6e 63 65 22 2c 22 70 61 72 61 6d 73 22 3a 7b
[2025-04-11T02:08:20.295Z] [DEBUG] Failed to decode MessagePack: RangeError: Extra 141 of 142 byte(s) found at buffer[1]
[2025-04-11T02:08:20.295Z] [DEBUG] As UTF-8: [{"method":"announce","params":{"name":"/client/string","id":10,"type":"string","properties":{"persistent":true,"retained":true},"pubuid":3}}]
[2025-04-11T02:08:20.295Z] [DEBUG] Parsed JSON: [{"method":"announce","params":{"name":"/client/string","id":10,"type":"string","properties":{"persistent":true,"retained":true},"pubuid":3}}]
[2025-04-11T02:08:20.296Z] [DEBUG] Control message: announce
[2025-04-11T02:08:20.296Z] [DEBUG] Topic announced: /client/string (string) with ID 10
[2025-04-11T02:08:20.296Z] [DEBUG] Properties: {"persistent":true,"retained":true}
[2025-04-11T02:08:20.296Z] Topic announced: /client/string (string) with ID 10
[2025-04-11T02:08:20.296Z] [DEBUG] Binary message received, length: 152
[2025-04-11T02:08:20.296Z] [DEBUG] First 32 bytes: 5b 7b 22 6d 65 74 68 6f 64 22 3a 22 61 6e 6e 6f 75 6e 63 65 22 2c 22 70 61 72 61 6d 73 22 3a 7b
[2025-04-11T02:08:20.297Z] [DEBUG] Failed to decode MessagePack: RangeError: Extra 151 of 152 byte(s) found at buffer[1]
[2025-04-11T02:08:20.297Z] [DEBUG] As UTF-8: [{"method":"announce","params":{"name":"/client/boolean_array","id":11,"type":"boolean[]","properties":{"persistent":true,"retained":true},"pubuid":4}}]
[2025-04-11T02:08:20.297Z] [DEBUG] Parsed JSON: [{"method":"announce","params":{"name":"/client/boolean_array","id":11,"type":"boolean[]","properties":{"persistent":true,"retained":true},"pubuid":4}}]
[2025-04-11T02:08:20.297Z] [DEBUG] Control message: announce
[2025-04-11T02:08:20.297Z] [DEBUG] Topic announced: /client/boolean_array (boolean[]) with ID 11
[2025-04-11T02:08:20.297Z] [DEBUG] Properties: {"persistent":true,"retained":true}
[2025-04-11T02:08:20.298Z] Topic announced: /client/boolean_array (boolean[]) with ID 11
[2025-04-11T02:08:20.298Z] [DEBUG] Binary message received, length: 150
[2025-04-11T02:08:20.298Z] [DEBUG] First 32 bytes: 5b 7b 22 6d 65 74 68 6f 64 22 3a 22 61 6e 6e 6f 75 6e 63 65 22 2c 22 70 61 72 61 6d 73 22 3a 7b
[2025-04-11T02:08:20.298Z] [DEBUG] Failed to decode MessagePack: RangeError: Extra 149 of 150 byte(s) found at buffer[1]
[2025-04-11T02:08:20.298Z] [DEBUG] As UTF-8: [{"method":"announce","params":{"name":"/client/number_array","id":12,"type":"double[]","properties":{"persistent":true,"retained":true},"pubuid":5}}]
[2025-04-11T02:08:20.299Z] [DEBUG] Parsed JSON: [{"method":"announce","params":{"name":"/client/number_array","id":12,"type":"double[]","properties":{"persistent":true,"retained":true},"pubuid":5}}]
[2025-04-11T02:08:20.299Z] [DEBUG] Control message: announce
[2025-04-11T02:08:20.299Z] [DEBUG] Topic announced: /client/number_array (double[]) with ID 12
[2025-04-11T02:08:20.299Z] [DEBUG] Properties: {"persistent":true,"retained":true}
[2025-04-11T02:08:20.299Z] Topic announced: /client/number_array (double[]) with ID 12
[2025-04-11T02:08:20.300Z] [DEBUG] Binary message received, length: 150
[2025-04-11T02:08:20.300Z] [DEBUG] First 32 bytes: 5b 7b 22 6d 65 74 68 6f 64 22 3a 22 61 6e 6e 6f 75 6e 63 65 22 2c 22 70 61 72 61 6d 73 22 3a 7b
[2025-04-11T02:08:20.300Z] [DEBUG] Failed to decode MessagePack: RangeError: Extra 149 of 150 byte(s) found at buffer[1]
[2025-04-11T02:08:20.300Z] [DEBUG] As UTF-8: [{"method":"announce","params":{"name":"/client/string_array","id":13,"type":"string[]","properties":{"persistent":true,"retained":true},"pubuid":6}}]
[2025-04-11T02:08:20.301Z] [DEBUG] Parsed JSON: [{"method":"announce","params":{"name":"/client/string_array","id":13,"type":"string[]","properties":{"persistent":true,"retained":true},"pubuid":6}}]
[2025-04-11T02:08:20.301Z] [DEBUG] Control message: announce
[2025-04-11T02:08:20.301Z] [DEBUG] Topic announced: /client/string_array (string[]) with ID 13
[2025-04-11T02:08:20.301Z] [DEBUG] Properties: {"persistent":true,"retained":true}
[2025-04-11T02:08:20.301Z] Topic announced: /client/string_array (string[]) with ID 13
[2025-04-11T02:08:20.301Z] [DEBUG] Binary message received, length: 143
[2025-04-11T02:08:20.302Z] [DEBUG] First 32 bytes: 5b 7b 22 6d 65 74 68 6f 64 22 3a 22 61 6e 6e 6f 75 6e 63 65 22 2c 22 70 61 72 61 6d 73 22 3a 7b
[2025-04-11T02:08:20.302Z] [DEBUG] Failed to decode MessagePack: RangeError: Extra 142 of 143 byte(s) found at buffer[1]
[2025-04-11T02:08:20.302Z] [DEBUG] As UTF-8: [{"method":"announce","params":{"name":"/client/counter","id":14,"type":"double","properties":{"persistent":true,"retained":true},"pubuid":7}}]
[2025-04-11T02:08:20.302Z] [DEBUG] Parsed JSON: [{"method":"announce","params":{"name":"/client/counter","id":14,"type":"double","properties":{"persistent":true,"retained":true},"pubuid":7}}]
[2025-04-11T02:08:20.302Z] [DEBUG] Control message: announce
[2025-04-11T02:08:20.302Z] [DEBUG] Topic announced: /client/counter (double) with ID 14
[2025-04-11T02:08:20.303Z] [DEBUG] Properties: {"persistent":true,"retained":true}
[2025-04-11T02:08:20.303Z] Topic announced: /client/counter (double) with ID 14
[2025-04-11T02:08:20.303Z] [DEBUG] Binary message received, length: 13
[2025-04-11T02:08:20.303Z] [DEBUG] First 32 bytes: 94 01 cf 00 06 32 77 22 e0 f8 90 00 c3
[2025-04-11T02:08:20.303Z] [DEBUG] Decoded MessagePack: [1,1744337127930000,0,true]
[2025-04-11T02:08:20.303Z] [DEBUG] Value update: id=1, type=0, value=true
[2025-04-11T02:08:20.303Z] Value changed for topic /server/boolean: true
[2025-04-11T02:08:20.303Z] [DEBUG] Binary message received, length: 21
[2025-04-11T02:08:20.303Z] [DEBUG] First 32 bytes: 94 02 cf 00 06 32 77 22 e0 fc 78 01 cb 40 09 21 f9 f0 1b 86 6e
[2025-04-11T02:08:20.304Z] [DEBUG] Decoded MessagePack: [2,1744337127931000,1,3.14159]
[2025-04-11T02:08:20.304Z] [DEBUG] Value update: id=2, type=1, value=3.14159
[2025-04-11T02:08:20.304Z] Value changed for topic /server/number: 3.14159
[2025-04-11T02:08:20.304Z] [DEBUG] Binary message received, length: 35
[2025-04-11T02:08:20.304Z] [DEBUG] First 32 bytes: 94 03 cf 00 06 32 77 22 e0 fc 78 04 b6 48 65 6c 6c 6f 20 66 72 6f 6d 20 4e 54 34 20 73 65 72 76
[2025-04-11T02:08:20.304Z] [DEBUG] Decoded MessagePack: [3,1744337127931000,4,"Hello from NT4 server!"]
[2025-04-11T02:08:20.305Z] [DEBUG] Value update: id=3, type=4, value="Hello from NT4 server!"
[2025-04-11T02:08:20.305Z] Value changed for topic /server/string: "Hello from NT4 server!"
[2025-04-11T02:08:20.305Z] [DEBUG] Binary message received, length: 16
[2025-04-11T02:08:20.305Z] [DEBUG] First 32 bytes: 94 04 cf 00 06 32 77 22 e0 fc 78 10 93 c3 c2 c3
[2025-04-11T02:08:20.305Z] [DEBUG] Decoded MessagePack: [4,1744337127931000,16,[true,false,true]]
[2025-04-11T02:08:20.305Z] [DEBUG] Value update: id=4, type=16, value=[true,false,true]
[2025-04-11T02:08:20.306Z] Value changed for topic /server/boolean_array: [true,false,true]
[2025-04-11T02:08:20.306Z] [DEBUG] Binary message received, length: 49
[2025-04-11T02:08:20.306Z] [DEBUG] First 32 bytes: 94 05 cf 00 06 32 77 22 e0 fc 78 11 94 cb 3f f1 99 99 99 99 99 9a cb 40 01 99 99 99 99 99 9a cb
[2025-04-11T02:08:20.306Z] [DEBUG] Decoded MessagePack: [5,1744337127931000,17,[1.1,2.2,3.3,4.4]]
[2025-04-11T02:08:20.307Z] [DEBUG] Value update: id=5, type=17, value=[1.1,2.2,3.3,4.4]
[2025-04-11T02:08:20.307Z] Value changed for topic /server/number_array: [1.1,2.2,3.3,4.4]
[2025-04-11T02:08:20.307Z] [DEBUG] Binary message received, length: 27
[2025-04-11T02:08:20.307Z] [DEBUG] First 32 bytes: 94 06 cf 00 06 32 77 22 e0 fc 78 14 93 a3 6f 6e 65 a3 74 77 6f a5 74 68 72 65 65
[2025-04-11T02:08:20.307Z] [DEBUG] Decoded MessagePack: [6,1744337127931000,20,["one","two","three"]]
[2025-04-11T02:08:20.307Z] [DEBUG] Value update: id=6, type=20, value=["one","two","three"]
[2025-04-11T02:08:20.307Z] Value changed for topic /server/string_array: ["one","two","three"]
[2025-04-11T02:08:20.308Z] [DEBUG] Binary message received, length: 14
[2025-04-11T02:08:20.308Z] [DEBUG] First 32 bytes: 94 07 cf 00 06 32 77 2d 1b 78 80 01 cc a9
[2025-04-11T02:08:20.308Z] [DEBUG] Decoded MessagePack: [7,1744337299536000,1,169]
[2025-04-11T02:08:20.308Z] [DEBUG] Value update: id=7, type=1, value=169
[2025-04-11T02:08:20.549Z] [DEBUG] Binary message received, length: 14
[2025-04-11T02:08:20.549Z] [DEBUG] First 32 bytes: 94 07 cf 00 06 32 77 2d 2a f1 70 01 cc aa
[2025-04-11T02:08:20.550Z] [DEBUG] Decoded MessagePack: [7,1744337300550000,1,170]
[2025-04-11T02:08:20.550Z] [DEBUG] Value update: id=7, type=1, value=170
[2025-04-11T02:08:20.550Z] Value changed for topic /server/counter: 170
[2025-04-11T02:08:21.283Z] [DEBUG] Sending value message: [1,1744337301283000,0,true]
[2025-04-11T02:08:21.283Z] [DEBUG] Sending value message: [2,1744337301283000,1,3.14159]
[2025-04-11T02:08:21.284Z] [DEBUG] Sending value message: [3,1744337301284000,4,"Hello from ntcorejs!"]
[2025-04-11T02:08:21.284Z] [DEBUG] Sending value message: [4,1744337301284000,16,[true,false,true]]
[2025-04-11T02:08:21.284Z] [DEBUG] Sending value message: [5,1744337301284000,17,[1.1,2.2,3.3,4.4]]
[2025-04-11T02:08:21.285Z] [DEBUG] Sending value message: [6,1744337301285000,20,["one","two","three"]]
[2025-04-11T02:08:21.285Z] Initial values set
[2025-04-11T02:08:21.285Z] [DEBUG] Sending value message: [7,1744337301285000,1,0]
[2025-04-11T02:08:21.563Z] [DEBUG] Binary message received, length: 14
[2025-04-11T02:08:21.563Z] [DEBUG] First 32 bytes: 94 07 cf 00 06 32 77 2d 3a 66 78 01 cc ab
[2025-04-11T02:08:21.563Z] [DEBUG] Decoded MessagePack: [7,1744337301563000,1,171]
[2025-04-11T02:08:21.564Z] [DEBUG] Value update: id=7, type=1, value=171
[2025-04-11T02:08:22.293Z] [DEBUG] Sending value message: [7,1744337302293000,1,1]
[2025-04-11T02:08:22.578Z] [DEBUG] Binary message received, length: 14
[2025-04-11T02:08:22.579Z] [DEBUG] First 32 bytes: 94 07 cf 00 06 32 77 2d 49 e7 38 01 cc ac
[2025-04-11T02:08:22.579Z] [DEBUG] Decoded MessagePack: [7,1744337302579000,1,172]
[2025-04-11T02:08:22.579Z] [DEBUG] Value update: id=7, type=1, value=172
[2025-04-11T02:08:23.308Z] [DEBUG] Sending value message: [7,1744337303308000,1,2]
[2025-04-11T02:08:23.592Z] [DEBUG] Binary message received, length: 14
[2025-04-11T02:08:23.592Z] [DEBUG] First 32 bytes: 94 07 cf 00 06 32 77 2d 59 58 58 01 cc ad
[2025-04-11T02:08:23.593Z] [DEBUG] Decoded MessagePack: [7,1744337303591000,1,173]
[2025-04-11T02:08:23.593Z] [DEBUG] Value update: id=7, type=1, value=173
[2025-04-11T02:08:24.321Z] [DEBUG] Sending value message: [7,1744337304321000,1,3]
[2025-04-11T02:08:24.604Z] [DEBUG] Binary message received, length: 14
[2025-04-11T02:08:24.605Z] [DEBUG] First 32 bytes: 94 07 cf 00 06 32 77 2d 68 cd 60 01 cc ae
[2025-04-11T02:08:24.605Z] [DEBUG] Decoded MessagePack: [7,1744337304604000,1,174]
[2025-04-11T02:08:24.605Z] [DEBUG] Value update: id=7, type=1, value=174
[2025-04-11T02:08:25.334Z] [DEBUG] Sending value message: [7,1744337305334000,1,4]
[2025-04-11T02:08:25.610Z] [DEBUG] Binary message received, length: 14
[2025-04-11T02:08:25.610Z] [DEBUG] First 32 bytes: 94 07 cf 00 06 32 77 2d 78 27 10 01 cc af
[2025-04-11T02:08:25.610Z] [DEBUG] Decoded MessagePack: [7,1744337305610000,1,175]
[2025-04-11T02:08:25.610Z] [DEBUG] Value update: id=7, type=1, value=175
[2025-04-11T02:08:26.343Z] [DEBUG] Sending value message: [7,1744337306343000,1,5]
[2025-04-11T02:08:26.623Z] [DEBUG] Binary message received, length: 14
[2025-04-11T02:08:26.625Z] [DEBUG] First 32 bytes: 94 07 cf 00 06 32 77 2d 87 9c 18 01 cc b0
[2025-04-11T02:08:26.626Z] [DEBUG] Decoded MessagePack: [7,1744337306623000,1,176]
[2025-04-11T02:08:26.626Z] [DEBUG] Value update: id=7, type=1, value=176
[2025-04-11T02:08:27.352Z] [DEBUG] Sending value message: [7,1744337307352000,1,6]
[2025-04-11T02:08:27.633Z] [DEBUG] Binary message received, length: 14
[2025-04-11T02:08:27.633Z] [DEBUG] First 32 bytes: 94 07 cf 00 06 32 77 2d 97 05 68 01 cc b1
[2025-04-11T02:08:27.633Z] [DEBUG] Decoded MessagePack: [7,1744337307633000,1,177]
[2025-04-11T02:08:27.633Z] [DEBUG] Value update: id=7, type=1, value=177
[2025-04-11T02:08:28.367Z] [DEBUG] Sending value message: [7,1744337308367000,1,7]
[2025-04-11T02:08:28.634Z] [DEBUG] Binary message received, length: 14
[2025-04-11T02:08:28.634Z] [DEBUG] First 32 bytes: 94 07 cf 00 06 32 77 2d a6 4b 90 01 cc b2
[2025-04-11T02:08:28.634Z] [DEBUG] Decoded MessagePack: [7,1744337308634000,1,178]
[2025-04-11T02:08:28.635Z] [DEBUG] Value update: id=7, type=1, value=178
[2025-04-11T02:08:29.383Z] [DEBUG] Sending value message: [7,1744337309382000,1,8]
[2025-04-11T02:08:29.647Z] [DEBUG] Binary message received, length: 14
[2025-04-11T02:08:29.647Z] [DEBUG] First 32 bytes: 94 07 cf 00 06 32 77 2d b5 c0 98 01 cc b3
[2025-04-11T02:08:29.648Z] [DEBUG] Decoded MessagePack: [7,1744337309647000,1,179]
[2025-04-11T02:08:29.648Z] [DEBUG] Value update: id=7, type=1, value=179
[2025-04-11T02:08:30.394Z] [DEBUG] Sending value message: [7,1744337310394000,1,9]
[2025-04-11T02:08:30.394Z] Counter updated: 9
[2025-04-11T02:08:30.659Z] [DEBUG] Binary message received, length: 14
[2025-04-11T02:08:30.660Z] [DEBUG] First 32 bytes: 94 07 cf 00 06 32 77 2d c5 2d d0 01 cc b4
[2025-04-11T02:08:30.660Z] [DEBUG] Decoded MessagePack: [7,1744337310658000,1,180]
[2025-04-11T02:08:30.661Z] [DEBUG] Value update: id=7, type=1, value=180
[2025-04-11T02:08:30.661Z] Value changed for topic /server/counter: 180
[2025-04-11T02:08:31.405Z] [DEBUG] Sending value message: [7,1744337311405000,1,10]
[2025-04-11T02:08:31.669Z] [DEBUG] Binary message received, length: 14
[2025-04-11T02:08:31.669Z] [DEBUG] First 32 bytes: 94 07 cf 00 06 32 77 2d d4 9b 08 01 cc b5
[2025-04-11T02:08:31.670Z] [DEBUG] Decoded MessagePack: [7,1744337311669000,1,181]
[2025-04-11T02:08:31.670Z] [DEBUG] Value update: id=7, type=1, value=181
[2025-04-11T02:08:32.416Z] [DEBUG] Sending value message: [7,1744337312415000,1,11]
[2025-04-11T02:08:32.677Z] [DEBUG] Binary message received, length: 14
[2025-04-11T02:08:32.677Z] [DEBUG] First 32 bytes: 94 07 cf 00 06 32 77 2d e3 fc 88 01 cc b6
[2025-04-11T02:08:32.677Z] [DEBUG] Decoded MessagePack: [7,1744337312677000,1,182]
[2025-04-11T02:08:32.677Z] [DEBUG] Value update: id=7, type=1, value=182
[2025-04-11T02:08:33.416Z] [DEBUG] Sending value message: [7,1744337313416000,1,12]
[2025-04-11T02:08:33.679Z] [DEBUG] Binary message received, length: 14
[2025-04-11T02:08:33.680Z] [DEBUG] First 32 bytes: 94 07 cf 00 06 32 77 2d f3 4a 80 01 cc b7
[2025-04-11T02:08:33.680Z] [DEBUG] Decoded MessagePack: [7,1744337313680000,1,183]
[2025-04-11T02:08:33.680Z] [DEBUG] Value update: id=7, type=1, value=183
[2025-04-11T02:08:34.423Z] [DEBUG] Sending value message: [7,1744337314423000,1,13]
[2025-04-11T02:08:34.689Z] [DEBUG] Binary message received, length: 14
[2025-04-11T02:08:34.689Z] [DEBUG] First 32 bytes: 94 07 cf 00 06 32 77 2e 02 af e8 01 cc b8
[2025-04-11T02:08:34.690Z] [DEBUG] Decoded MessagePack: [7,1744337314689000,1,184]
[2025-04-11T02:08:34.690Z] [DEBUG] Value update: id=7, type=1, value=184
[2025-04-11T02:08:35.436Z] [DEBUG] Sending value message: [7,1744337315436000,1,14]
[2025-04-11T02:08:35.702Z] [DEBUG] Binary message received, length: 14
[2025-04-11T02:08:35.702Z] [DEBUG] First 32 bytes: 94 07 cf 00 06 32 77 2e 12 24 f0 01 cc b9
[2025-04-11T02:08:35.702Z] [DEBUG] Decoded MessagePack: [7,1744337315702000,1,185]
[2025-04-11T02:08:35.702Z] [DEBUG] Value update: id=7, type=1, value=185
[2025-04-11T02:08:36.445Z] [DEBUG] Sending value message: [7,1744337316445000,1,15]
[2025-04-11T02:08:36.709Z] [DEBUG] Binary message received, length: 14
[2025-04-11T02:08:36.709Z] [DEBUG] First 32 bytes: 94 07 cf 00 06 32 77 2e 21 82 88 01 cc ba
[2025-04-11T02:08:36.710Z] [DEBUG] Decoded MessagePack: [7,1744337316709000,1,186]
[2025-04-11T02:08:36.710Z] [DEBUG] Value update: id=7, type=1, value=186
[2025-04-11T02:08:37.460Z] [DEBUG] Sending value message: [7,1744337317460000,1,16]
[2025-04-11T02:08:37.722Z] [DEBUG] Binary message received, length: 14
[2025-04-11T02:08:37.723Z] [DEBUG] First 32 bytes: 94 07 cf 00 06 32 77 2e 30 f3 a8 01 cc bb
[2025-04-11T02:08:37.723Z] [DEBUG] Decoded MessagePack: [7,1744337317721000,1,187]
[2025-04-11T02:08:37.723Z] [DEBUG] Value update: id=7, type=1, value=187
[2025-04-11T02:08:38.467Z] [DEBUG] Sending value message: [7,1744337318467000,1,17]
[2025-04-11T02:08:38.732Z] [DEBUG] Binary message received, length: 14
[2025-04-11T02:08:38.733Z] [DEBUG] First 32 bytes: 94 07 cf 00 06 32 77 2e 40 60 e0 01 cc bc
[2025-04-11T02:08:38.733Z] [DEBUG] Decoded MessagePack: [7,1744337318732000,1,188]
[2025-04-11T02:08:38.734Z] [DEBUG] Value update: id=7, type=1, value=188
[2025-04-11T02:08:39.478Z] [DEBUG] Sending value message: [7,1744337319478000,1,18]
[2025-04-11T02:08:39.743Z] [DEBUG] Binary message received, length: 14
[2025-04-11T02:08:39.744Z] [DEBUG] First 32 bytes: 94 07 cf 00 06 32 77 2e 4f ce 18 01 cc bd
[2025-04-11T02:08:39.744Z] [DEBUG] Decoded MessagePack: [7,1744337319743000,1,189]
[2025-04-11T02:08:39.744Z] [DEBUG] Value update: id=7, type=1, value=189
[2025-04-11T02:08:40.491Z] [DEBUG] Sending value message: [7,1744337320491000,1,19]
[2025-04-11T02:08:40.492Z] Counter updated: 19
[2025-04-11T02:08:40.757Z] [DEBUG] Binary message received, length: 14
[2025-04-11T02:08:40.757Z] [DEBUG] First 32 bytes: 94 07 cf 00 06 32 77 2e 5f 47 08 01 cc be
[2025-04-11T02:08:40.758Z] [DEBUG] Decoded MessagePack: [7,1744337320757000,1,190]
[2025-04-11T02:08:40.758Z] [DEBUG] Value update: id=7, type=1, value=190
[2025-04-11T02:08:40.759Z] Value changed for topic /server/counter: 190
[2025-04-11T02:08:41.505Z] [DEBUG] Sending value message: [7,1744337321505000,1,20]
[2025-04-11T02:08:41.771Z] [DEBUG] Binary message received, length: 14
[2025-04-11T02:08:41.771Z] [DEBUG] First 32 bytes: 94 07 cf 00 06 32 77 2e 6e bf f8 01 cc bf
[2025-04-11T02:08:41.772Z] [DEBUG] Decoded MessagePack: [7,1744337321771000,1,191]
[2025-04-11T02:08:41.772Z] [DEBUG] Value update: id=7, type=1, value=191
[2025-04-11T02:08:42.519Z] [DEBUG] Sending value message: [7,1744337322519000,1,21]
[2025-04-11T02:08:42.783Z] [DEBUG] Binary message received, length: 14
[2025-04-11T02:08:42.784Z] [DEBUG] First 32 bytes: 94 07 cf 00 06 32 77 2e 7e 31 18 01 cc c0
[2025-04-11T02:08:42.784Z] [DEBUG] Decoded MessagePack: [7,1744337322783000,1,192]
[2025-04-11T02:08:42.784Z] [DEBUG] Value update: id=7, type=1, value=192
[2025-04-11T02:08:43.530Z] [DEBUG] Sending value message: [7,1744337323530000,1,22]
[2025-04-11T02:08:43.793Z] [DEBUG] Binary message received, length: 14
[2025-04-11T02:08:43.793Z] [DEBUG] First 32 bytes: 94 07 cf 00 06 32 77 2e 8d 9e 50 01 cc c1
[2025-04-11T02:08:43.793Z] [DEBUG] Decoded MessagePack: [7,1744337323794000,1,193]
[2025-04-11T02:08:43.793Z] [DEBUG] Value update: id=7, type=1, value=193
[2025-04-11T02:08:44.531Z] [DEBUG] Sending value message: [7,1744337324531000,1,23]
[2025-04-11T02:08:44.794Z] [DEBUG] Binary message received, length: 14
[2025-04-11T02:08:44.795Z] [DEBUG] First 32 bytes: 94 07 cf 00 06 32 77 2e 9c e0 90 01 cc c2
[2025-04-11T02:08:44.795Z] [DEBUG] Decoded MessagePack: [7,1744337324794000,1,194]
[2025-04-11T02:08:44.795Z] [DEBUG] Value update: id=7, type=1, value=194
[2025-04-11T02:08:45.538Z] [DEBUG] Sending value message: [7,1744337325538000,1,24]
[2025-04-11T02:08:45.806Z] [DEBUG] Binary message received, length: 14
[2025-04-11T02:08:45.806Z] [DEBUG] First 32 bytes: 94 07 cf 00 06 32 77 2e ac 51 b0 01 cc c3
[2025-04-11T02:08:45.806Z] [DEBUG] Decoded MessagePack: [7,1744337325806000,1,195]
[2025-04-11T02:08:45.807Z] [DEBUG] Value update: id=7, type=1, value=195
[2025-04-11T02:08:46.540Z] [DEBUG] Sending value message: [7,1744337326540000,1,25]
[2025-04-11T02:08:46.819Z] [DEBUG] Binary message received, length: 14
[2025-04-11T02:08:46.819Z] [DEBUG] First 32 bytes: 94 07 cf 00 06 32 77 2e bb c6 b8 01 cc c4
[2025-04-11T02:08:46.820Z] [DEBUG] Decoded MessagePack: [7,1744337326819000,1,196]
[2025-04-11T02:08:46.820Z] [DEBUG] Value update: id=7, type=1, value=196
[2025-04-11T02:08:47.547Z] [DEBUG] Sending value message: [7,1744337327547000,1,26]
[2025-04-11T02:08:47.828Z] [DEBUG] Binary message received, length: 14
[2025-04-11T02:08:47.828Z] [DEBUG] First 32 bytes: 94 07 cf 00 06 32 77 2e cb 2c 20 01 cc c5
[2025-04-11T02:08:47.828Z] [DEBUG] Decoded MessagePack: [7,1744337327828000,1,197]
[2025-04-11T02:08:47.829Z] [DEBUG] Value update: id=7, type=1, value=197
[2025-04-11T02:08:48.562Z] [DEBUG] Sending value message: [7,1744337328562000,1,27]
[2025-04-11T02:08:48.830Z] [DEBUG] Binary message received, length: 14
[2025-04-11T02:08:48.830Z] [DEBUG] First 32 bytes: 94 07 cf 00 06 32 77 2e da 76 30 01 cc c6
[2025-04-11T02:08:48.830Z] [DEBUG] Decoded MessagePack: [7,1744337328830000,1,198]
[2025-04-11T02:08:48.830Z] [DEBUG] Value update: id=7, type=1, value=198
[2025-04-11T02:08:49.576Z] [DEBUG] Sending value message: [7,1744337329576000,1,28]
[2025-04-11T02:08:49.840Z] [DEBUG] Binary message received, length: 14
[2025-04-11T02:08:49.840Z] [DEBUG] First 32 bytes: 94 07 cf 00 06 32 77 2e e9 df 80 01 cc c7
[2025-04-11T02:08:49.840Z] [DEBUG] Decoded MessagePack: [7,1744337329840000,1,199]
[2025-04-11T02:08:49.840Z] [DEBUG] Value update: id=7, type=1, value=199
[2025-04-11T02:08:50.590Z] [DEBUG] Sending value message: [7,1744337330590000,1,29]
[2025-04-11T02:08:50.590Z] Counter updated: 29
[2025-04-11T02:08:50.841Z] [DEBUG] Binary message received, length: 14
[2025-04-11T02:08:50.841Z] [DEBUG] First 32 bytes: 94 07 cf 00 06 32 77 2e f9 25 a8 01 cc c8
[2025-04-11T02:08:50.841Z] [DEBUG] Decoded MessagePack: [7,1744337330841000,1,200]
[2025-04-11T02:08:50.842Z] [DEBUG] Value update: id=7, type=1, value=200
[2025-04-11T02:08:50.842Z] Value changed for topic /server/counter: 200
[2025-04-11T02:08:51.589Z] [DEBUG] Sending value message: [7,1744337331589000,1,30]
[2025-04-11T02:08:51.841Z] [DEBUG] Binary message received, length: 14
[2025-04-11T02:08:51.841Z] [DEBUG] First 32 bytes: 94 07 cf 00 06 32 77 2f 08 67 e8 01 cc c9
[2025-04-11T02:08:51.842Z] [DEBUG] Decoded MessagePack: [7,1744337331841000,1,201]
[2025-04-11T02:08:51.842Z] [DEBUG] Value update: id=7, type=1, value=201
[2025-04-11T02:08:52.592Z] [DEBUG] Sending value message: [7,1744337332592000,1,31]
[2025-04-11T02:08:52.843Z] [DEBUG] Binary message received, length: 14
[2025-04-11T02:08:52.843Z] [DEBUG] First 32 bytes: 94 07 cf 00 06 32 77 2f 17 b1 f8 01 cc ca
[2025-04-11T02:08:52.843Z] [DEBUG] Decoded MessagePack: [7,1744337332843000,1,202]
[2025-04-11T02:08:52.843Z] [DEBUG] Value update: id=7, type=1, value=202
[2025-04-11T02:08:53.598Z] [DEBUG] Sending value message: [7,1744337333598000,1,32]
[2025-04-11T02:08:53.847Z] [DEBUG] Binary message received, length: 14
[2025-04-11T02:08:53.848Z] [DEBUG] First 32 bytes: 94 07 cf 00 06 32 77 2f 27 07 c0 01 cc cb
[2025-04-11T02:08:53.848Z] [DEBUG] Decoded MessagePack: [7,1744337333848000,1,203]
[2025-04-11T02:08:53.848Z] [DEBUG] Value update: id=7, type=1, value=203
[2025-04-11T02:08:54.607Z] [DEBUG] Sending value message: [7,1744337334607000,1,33]
[2025-04-11T02:08:54.861Z] [DEBUG] Binary message received, length: 14
[2025-04-11T02:08:54.861Z] [DEBUG] First 32 bytes: 94 07 cf 00 06 32 77 2f 36 7c c8 01 cc cc
[2025-04-11T02:08:54.861Z] [DEBUG] Decoded MessagePack: [7,1744337334861000,1,204]
[2025-04-11T02:08:54.861Z] [DEBUG] Value update: id=7, type=1, value=204
[2025-04-11T02:08:55.608Z] [DEBUG] Sending value message: [7,1744337335608000,1,34]
[2025-04-11T02:08:55.873Z] [DEBUG] Binary message received, length: 14
[2025-04-11T02:08:55.873Z] [DEBUG] First 32 bytes: 94 07 cf 00 06 32 77 2f 45 ed e8 01 cc cd
[2025-04-11T02:08:55.873Z] [DEBUG] Decoded MessagePack: [7,1744337335873000,1,205]
[2025-04-11T02:08:55.873Z] [DEBUG] Value update: id=7, type=1, value=205
[2025-04-11T02:08:56.618Z] [DEBUG] Sending value message: [7,1744337336618000,1,35]
[2025-04-11T02:08:56.883Z] [DEBUG] Binary message received, length: 14
[2025-04-11T02:08:56.883Z] [DEBUG] First 32 bytes: 94 07 cf 00 06 32 77 2f 55 57 38 01 cc ce
[2025-04-11T02:08:56.883Z] [DEBUG] Decoded MessagePack: [7,1744337336883000,1,206]
[2025-04-11T02:08:56.884Z] [DEBUG] Value update: id=7, type=1, value=206
[2025-04-11T02:08:57.632Z] [DEBUG] Sending value message: [7,1744337337632000,1,36]
[2025-04-11T02:08:57.898Z] [DEBUG] Binary message received, length: 14
[2025-04-11T02:08:57.899Z] [DEBUG] First 32 bytes: 94 07 cf 00 06 32 77 2f 64 d0 28 01 cc cf
[2025-04-11T02:08:57.899Z] [DEBUG] Decoded MessagePack: [7,1744337337897000,1,207]
[2025-04-11T02:08:57.899Z] [DEBUG] Value update: id=7, type=1, value=207
[2025-04-11T02:08:58.640Z] [DEBUG] Sending value message: [7,1744337338640000,1,37]
[2025-04-11T02:08:58.907Z] [DEBUG] Binary message received, length: 14
[2025-04-11T02:08:58.907Z] [DEBUG] First 32 bytes: 94 07 cf 00 06 32 77 2f 74 3d 60 01 cc d0
[2025-04-11T02:08:58.908Z] [DEBUG] Decoded MessagePack: [7,1744337338908000,1,208]
[2025-04-11T02:08:58.908Z] [DEBUG] Value update: id=7, type=1, value=208
[2025-04-11T02:08:59.649Z] [DEBUG] Sending value message: [7,1744337339649000,1,38]
[2025-04-11T02:08:59.913Z] [DEBUG] Binary message received, length: 14
[2025-04-11T02:08:59.914Z] [DEBUG] First 32 bytes: 94 07 cf 00 06 32 77 2f 83 93 28 01 cc d1
[2025-04-11T02:08:59.914Z] [DEBUG] Decoded MessagePack: [7,1744337339913000,1,209]
[2025-04-11T02:08:59.914Z] [DEBUG] Value update: id=7, type=1, value=209
[2025-04-11T02:09:00.660Z] [DEBUG] Sending value message: [7,1744337340660000,1,39]
[2025-04-11T02:09:00.661Z] Counter updated: 39
[2025-04-11T02:09:00.922Z] [DEBUG] Binary message received, length: 14
[2025-04-11T02:09:00.922Z] [DEBUG] First 32 bytes: 94 07 cf 00 06 32 77 2f 92 f8 90 01 cc d2
[2025-04-11T02:09:00.923Z] [DEBUG] Decoded MessagePack: [7,1744337340922000,1,210]
[2025-04-11T02:09:00.923Z] [DEBUG] Value update: id=7, type=1, value=210
[2025-04-11T02:09:00.923Z] Value changed for topic /server/counter: 210
[2025-04-11T02:09:01.669Z] [DEBUG] Sending value message: [7,1744337341669000,1,40]
[2025-04-11T02:09:01.930Z] [DEBUG] Binary message received, length: 14
[2025-04-11T02:09:01.931Z] [DEBUG] First 32 bytes: 94 07 cf 00 06 32 77 2f a2 5d f8 01 cc d3
[2025-04-11T02:09:01.932Z] [DEBUG] Decoded MessagePack: [7,1744337341931000,1,211]
[2025-04-11T02:09:01.932Z] [DEBUG] Value update: id=7, type=1, value=211
[2025-04-11T02:09:02.682Z] [DEBUG] Sending value message: [7,1744337342682000,1,41]
[2025-04-11T02:09:02.931Z] [DEBUG] Binary message received, length: 14
[2025-04-11T02:09:02.931Z] [DEBUG] First 32 bytes: 94 07 cf 00 06 32 77 2f b1 a0 38 01 cc d4
[2025-04-11T02:09:02.931Z] [DEBUG] Decoded MessagePack: [7,1744337342931000,1,212]
[2025-04-11T02:09:02.931Z] [DEBUG] Value update: id=7, type=1, value=212
[2025-04-11T02:09:03.695Z] [DEBUG] Sending value message: [7,1744337343695000,1,42]
[2025-04-11T02:09:03.944Z] [DEBUG] Binary message received, length: 14
[2025-04-11T02:09:03.944Z] [DEBUG] First 32 bytes: 94 07 cf 00 06 32 77 2f c1 15 40 01 cc d5
[2025-04-11T02:09:03.945Z] [DEBUG] Decoded MessagePack: [7,1744337343944000,1,213]
[2025-04-11T02:09:03.945Z] [DEBUG] Value update: id=7, type=1, value=213
[2025-04-11T02:09:04.695Z] [DEBUG] Sending value message: [7,1744337344695000,1,43]
[2025-04-11T02:09:04.947Z] [DEBUG] Binary message received, length: 14
[2025-04-11T02:09:04.948Z] [DEBUG] First 32 bytes: 94 07 cf 00 06 32 77 2f d0 67 20 01 cc d6
[2025-04-11T02:09:04.948Z] [DEBUG] Decoded MessagePack: [7,1744337344948000,1,214]
[2025-04-11T02:09:04.948Z] [DEBUG] Value update: id=7, type=1, value=214
[2025-04-11T02:09:05.695Z] [DEBUG] Sending value message: [7,1744337345695000,1,44]
[2025-04-11T02:09:05.961Z] [DEBUG] Binary message received, length: 14
[2025-04-11T02:09:05.962Z] [DEBUG] First 32 bytes: 94 07 cf 00 06 32 77 2f df e0 10 01 cc d7
[2025-04-11T02:09:05.962Z] [DEBUG] Decoded MessagePack: [7,1744337345962000,1,215]
[2025-04-11T02:09:05.963Z] [DEBUG] Value update: id=7, type=1, value=215
[2025-04-11T02:09:06.707Z] [DEBUG] Sending value message: [7,1744337346707000,1,45]
[2025-04-11T02:09:06.972Z] [DEBUG] Binary message received, length: 14
[2025-04-11T02:09:06.972Z] [DEBUG] First 32 bytes: 94 07 cf 00 06 32 77 2f ef 49 60 01 cc d8
[2025-04-11T02:09:06.973Z] [DEBUG] Decoded MessagePack: [7,1744337346972000,1,216]
[2025-04-11T02:09:06.973Z] [DEBUG] Value update: id=7, type=1, value=216
[2025-04-11T02:09:07.720Z] [DEBUG] Sending value message: [7,1744337347720000,1,46]
[2025-04-11T02:09:07.982Z] [DEBUG] Binary message received, length: 14
[2025-04-11T02:09:07.983Z] [DEBUG] First 32 bytes: 94 07 cf 00 06 32 77 2f fe b6 98 01 cc d9
[2025-04-11T02:09:07.983Z] [DEBUG] Decoded MessagePack: [7,1744337347983000,1,217]
[2025-04-11T02:09:07.983Z] [DEBUG] Value update: id=7, type=1, value=217
[2025-04-11T02:09:08.729Z] [DEBUG] Sending value message: [7,1744337348729000,1,47]
[2025-04-11T02:09:08.993Z] [DEBUG] Binary message received, length: 14
[2025-04-11T02:09:08.994Z] [DEBUG] First 32 bytes: 94 07 cf 00 06 32 77 30 0e 23 d0 01 cc da
[2025-04-11T02:09:08.994Z] [DEBUG] Decoded MessagePack: [7,1744337348994000,1,218]
[2025-04-11T02:09:08.994Z] [DEBUG] Value update: id=7, type=1, value=218
[2025-04-11T02:09:09.742Z] [DEBUG] Sending value message: [7,1744337349742000,1,48]
[2025-04-11T02:09:10.006Z] [DEBUG] Binary message received, length: 14
[2025-04-11T02:09:10.006Z] [DEBUG] First 32 bytes: 94 07 cf 00 06 32 77 30 1d 94 f0 01 cc db
[2025-04-11T02:09:10.006Z] [DEBUG] Decoded MessagePack: [7,1744337350006000,1,219]
[2025-04-11T02:09:10.006Z] [DEBUG] Value update: id=7, type=1, value=219
[2025-04-11T02:09:10.754Z] [DEBUG] Sending value message: [7,1744337350754000,1,49]
[2025-04-11T02:09:10.754Z] Counter updated: 49
[2025-04-11T02:09:11.020Z] [DEBUG] Binary message received, length: 14
[2025-04-11T02:09:11.020Z] [DEBUG] First 32 bytes: 94 07 cf 00 06 32 77 30 2d 0d e0 01 cc dc
[2025-04-11T02:09:11.020Z] [DEBUG] Decoded MessagePack: [7,1744337351020000,1,220]
[2025-04-11T02:09:11.020Z] [DEBUG] Value update: id=7, type=1, value=220
[2025-04-11T02:09:11.020Z] Value changed for topic /server/counter: 220
[2025-04-11T02:09:11.754Z] [DEBUG] Sending value message: [7,1744337351754000,1,50]
[2025-04-11T02:09:12.034Z] [DEBUG] Binary message received, length: 14
[2025-04-11T02:09:12.034Z] [DEBUG] First 32 bytes: 94 07 cf 00 06 32 77 30 3c 86 d0 01 cc dd
[2025-04-11T02:09:12.034Z] [DEBUG] Decoded MessagePack: [7,1744337352034000,1,221]
[2025-04-11T02:09:12.035Z] [DEBUG] Value update: id=7, type=1, value=221
[2025-04-11T02:09:12.763Z] [DEBUG] Sending value message: [7,1744337352763000,1,51]
[2025-04-11T02:09:13.041Z] [DEBUG] Binary message received, length: 14
[2025-04-11T02:09:13.042Z] [DEBUG] First 32 bytes: 94 07 cf 00 06 32 77 30 4b e0 80 01 cc de
[2025-04-11T02:09:13.042Z] [DEBUG] Decoded MessagePack: [7,1744337353040000,1,222]
[2025-04-11T02:09:13.042Z] [DEBUG] Value update: id=7, type=1, value=222
[2025-04-11T02:09:13.773Z] [DEBUG] Sending value message: [7,1744337353773000,1,52]
[2025-04-11T02:09:14.054Z] [DEBUG] Binary message received, length: 14
[2025-04-11T02:09:14.054Z] [DEBUG] First 32 bytes: 94 07 cf 00 06 32 77 30 5b 59 70 01 cc df
[2025-04-11T02:09:14.055Z] [DEBUG] Decoded MessagePack: [7,1744337354054000,1,223]
[2025-04-11T02:09:14.055Z] [DEBUG] Value update: id=7, type=1, value=223
[2025-04-11T02:09:14.787Z] [DEBUG] Sending value message: [7,1744337354786000,1,53]
[2025-04-11T02:09:15.055Z] [DEBUG] Binary message received, length: 14
[2025-04-11T02:09:15.055Z] [DEBUG] First 32 bytes: 94 07 cf 00 06 32 77 30 6a 9f 98 01 cc e0
[2025-04-11T02:09:15.056Z] [DEBUG] Decoded MessagePack: [7,1744337355055000,1,224]
[2025-04-11T02:09:15.056Z] [DEBUG] Value update: id=7, type=1, value=224
[2025-04-11T02:09:15.787Z] [DEBUG] Sending value message: [7,1744337355787000,1,54]
[2025-04-11T02:09:16.068Z] [DEBUG] Binary message received, length: 14
[2025-04-11T02:09:16.068Z] [DEBUG] First 32 bytes: 94 07 cf 00 06 32 77 30 7a 14 a0 01 cc e1
[2025-04-11T02:09:16.069Z] [DEBUG] Decoded MessagePack: [7,1744337356068000,1,225]
[2025-04-11T02:09:16.069Z] [DEBUG] Value update: id=7, type=1, value=225
[2025-04-11T02:09:16.798Z] [DEBUG] Sending value message: [7,1744337356798000,1,55]
[2025-04-11T02:09:17.078Z] [DEBUG] Binary message received, length: 14
[2025-04-11T02:09:17.079Z] [DEBUG] First 32 bytes: 94 07 cf 00 06 32 77 30 89 81 d8 01 cc e2
[2025-04-11T02:09:17.079Z] [DEBUG] Decoded MessagePack: [7,1744337357079000,1,226]
[2025-04-11T02:09:17.079Z] [DEBUG] Value update: id=7, type=1, value=226
[2025-04-11T02:09:17.813Z] [DEBUG] Sending value message: [7,1744337357813000,1,56]
[2025-04-11T02:09:18.093Z] [DEBUG] Binary message received, length: 14
[2025-04-11T02:09:18.093Z] [DEBUG] First 32 bytes: 94 07 cf 00 06 32 77 30 98 fa c8 01 cc e3
[2025-04-11T02:09:18.094Z] [DEBUG] Decoded MessagePack: [7,1744337358093000,1,227]
[2025-04-11T02:09:18.094Z] [DEBUG] Value update: id=7, type=1, value=227
[2025-04-11T02:09:18.817Z] [DEBUG] Sending value message: [7,1744337358817000,1,57]
[2025-04-11T02:09:19.100Z] [DEBUG] Binary message received, length: 14
[2025-04-11T02:09:19.100Z] [DEBUG] First 32 bytes: 94 07 cf 00 06 32 77 30 a8 58 60 01 cc e4
[2025-04-11T02:09:19.101Z] [DEBUG] Decoded MessagePack: [7,1744337359100000,1,228]
[2025-04-11T02:09:19.101Z] [DEBUG] Value update: id=7, type=1, value=228
[2025-04-11T02:09:19.820Z] [DEBUG] Sending value message: [7,1744337359820000,1,58]
[2025-04-11T02:09:20.114Z] [DEBUG] Binary message received, length: 14
[2025-04-11T02:09:20.114Z] [DEBUG] First 32 bytes: 94 07 cf 00 06 32 77 30 b7 d1 50 01 cc e5
[2025-04-11T02:09:20.114Z] [DEBUG] Decoded MessagePack: [7,1744337360114000,1,229]
[2025-04-11T02:09:20.114Z] [DEBUG] Value update: id=7, type=1, value=229
[2025-04-11T02:09:20.830Z] [DEBUG] Sending value message: [7,1744337360830000,1,59]
[2025-04-11T02:09:20.831Z] Counter updated: 59
[2025-04-11T02:09:21.127Z] [DEBUG] Binary message received, length: 14
[2025-04-11T02:09:21.128Z] [DEBUG] First 32 bytes: 94 07 cf 00 06 32 77 30 c7 46 58 01 cc e6
[2025-04-11T02:09:21.128Z] [DEBUG] Decoded MessagePack: [7,1744337361127000,1,230]
[2025-04-11T02:09:21.128Z] [DEBUG] Value update: id=7, type=1, value=230
[2025-04-11T02:09:21.128Z] Value changed for topic /server/counter: 230
[2025-04-11T02:09:21.845Z] [DEBUG] Sending value message: [7,1744337361845000,1,60]
[2025-04-11T02:09:22.140Z] [DEBUG] Binary message received, length: 14
[2025-04-11T02:09:22.140Z] [DEBUG] First 32 bytes: 94 07 cf 00 06 32 77 30 d6 b7 78 01 cc e7
[2025-04-11T02:09:22.140Z] [DEBUG] Decoded MessagePack: [7,1744337362139000,1,231]
[2025-04-11T02:09:22.141Z] [DEBUG] Value update: id=7, type=1, value=231
[2025-04-11T02:09:22.858Z] [DEBUG] Sending value message: [7,1744337362858000,1,61]
[2025-04-11T02:09:23.151Z] [DEBUG] Binary message received, length: 14
[2025-04-11T02:09:23.151Z] [DEBUG] First 32 bytes: 94 07 cf 00 06 32 77 30 e6 24 b0 01 cc e8
[2025-04-11T02:09:23.151Z] [DEBUG] Decoded MessagePack: [7,1744337363150000,1,232]
[2025-04-11T02:09:23.152Z] [DEBUG] Value update: id=7, type=1, value=232
[2025-04-11T02:09:23.865Z] [DEBUG] Sending value message: [7,1744337363865000,1,62]
[2025-04-11T02:09:24.160Z] [DEBUG] Binary message received, length: 14
[2025-04-11T02:09:24.160Z] [DEBUG] First 32 bytes: 94 07 cf 00 06 32 77 30 f5 8e 00 01 cc e9
[2025-04-11T02:09:24.160Z] [DEBUG] Decoded MessagePack: [7,1744337364160000,1,233]
[2025-04-11T02:09:24.160Z] [DEBUG] Value update: id=7, type=1, value=233
[2025-04-11T02:09:24.874Z] [DEBUG] Sending value message: [7,1744337364874000,1,63]
[2025-04-11T02:09:25.169Z] [DEBUG] Binary message received, length: 14
[2025-04-11T02:09:25.170Z] [DEBUG] First 32 bytes: 94 07 cf 00 06 32 77 31 04 ef 80 01 cc ea
[2025-04-11T02:09:25.170Z] [DEBUG] Decoded MessagePack: [7,1744337365168000,1,234]
[2025-04-11T02:09:25.170Z] [DEBUG] Value update: id=7, type=1, value=234
[2025-04-11T02:09:25.888Z] [DEBUG] Sending value message: [7,1744337365888000,1,64]
[2025-04-11T02:09:26.184Z] [DEBUG] Binary message received, length: 14
[2025-04-11T02:09:26.184Z] [DEBUG] First 32 bytes: 94 07 cf 00 06 32 77 31 14 6c 58 01 cc eb
[2025-04-11T02:09:26.184Z] [DEBUG] Decoded MessagePack: [7,1744337366183000,1,235]
[2025-04-11T02:09:26.184Z] [DEBUG] Value update: id=7, type=1, value=235
[2025-04-11T02:09:26.901Z] [DEBUG] Sending value message: [7,1744337366900000,1,65]
[2025-04-11T02:09:27.195Z] [DEBUG] Binary message received, length: 14
[2025-04-11T02:09:27.196Z] [DEBUG] First 32 bytes: 94 07 cf 00 06 32 77 31 23 dd 78 01 cc ec
[2025-04-11T02:09:27.196Z] [DEBUG] Decoded MessagePack: [7,1744337367195000,1,236]
[2025-04-11T02:09:27.196Z] [DEBUG] Value update: id=7, type=1, value=236
[2025-04-11T02:09:27.901Z] [DEBUG] Sending value message: [7,1744337367901000,1,66]
[2025-04-11T02:09:28.196Z] [DEBUG] Binary message received, length: 14
[2025-04-11T02:09:28.197Z] [DEBUG] First 32 bytes: 94 07 cf 00 06 32 77 31 33 23 a0 01 cc ed
[2025-04-11T02:09:28.197Z] [DEBUG] Decoded MessagePack: [7,1744337368196000,1,237]
[2025-04-11T02:09:28.197Z] [DEBUG] Value update: id=7, type=1, value=237
[2025-04-11T02:09:28.203Z] [DEBUG] Disconnected from server
[2025-04-11T02:09:28.203Z] Disconnected from server
