[2025-04-11T02:11:09.004Z] Starting NT4 server on port 5810...
[2025-04-11T02:11:09.007Z] Starting NT3 server on port 1735...
[2025-04-11T02:11:09.007Z] Creating test topics...
[2025-04-11T02:11:09.008Z] Topic created: /server/boolean (boolean) with ID 1
[2025-04-11T02:11:09.008Z] Topic created: /server/number (double) with ID 2
[2025-04-11T02:11:09.008Z] Topic created: /server/string (string) with ID 3
[2025-04-11T02:11:09.008Z] Topic created: /server/boolean_array (boolean[]) with ID 4
[2025-04-11T02:11:09.008Z] Topic created: /server/number_array (double[]) with ID 5
[2025-04-11T02:11:09.008Z] Topic created: /server/string_array (string[]) with ID 6
[2025-04-11T02:11:09.008Z] Topic created: /server/counter (double) with ID 7
[2025-04-11T02:11:09.010Z] NT3 server listening on port 1735
[2025-04-11T02:11:09.183Z] Client requested protocols: ["v4.1.networktables.first.wpi.edu","networktables.first.wpi.edu"]
[2025-04-11T02:11:09.184Z] Using NT 4.1 protocol
[2025-04-11T02:11:09.184Z] Client connected from ::ffff:127.0.0.1
[2025-04-11T02:11:09.185Z] Protocol: v4.1.networktables.first.wpi.edu
[2025-04-11T02:11:09.187Z] Binary message received, length: 13
[2025-04-11T02:11:09.187Z] First 32 bytes: 94 ff 00 02 cf 00 06 32 77 37 38 1d 56
[2025-04-11T02:11:09.188Z] Decoded MessagePack: [-1,0,2,1744337469185366]
[2025-04-11T02:11:09.188Z] Value update: id=-1, type=2, value=1744337469185366
[2025-04-11T02:11:19.119Z] Counter updated: 9
[2025-04-11T02:11:29.217Z] Counter updated: 19
[2025-04-11T02:11:39.317Z] Counter updated: 29
[2025-04-11T02:11:49.398Z] Counter updated: 39
[2025-04-11T02:11:59.499Z] Counter updated: 49
[2025-04-11T02:12:09.595Z] Counter updated: 59
[2025-04-11T02:12:19.698Z] Counter updated: 69
[2025-04-11T02:12:29.756Z] Counter updated: 79
[2025-04-11T02:12:29.790Z] Stopping servers...
